<?xml version="1.0" encoding="UTF-8"?>
<!-- Generated by org.testng.reporters.JUnitReportReporter -->
<testsuite hostname="shany" failures="0" tests="1" name="com.way2_radiobutton.Way2_radiobutton_example" time="45.558" errors="0" timestamp="2021-04-05T13:11:15 IST" skipped="0">
  <testcase classname="com.way2_radiobutton.Way2_radiobutton_example" name="way2_radiobutton" time="45.558"/>
  <system-out/>
</testsuite> <!-- com.way2_radiobutton.Way2_radiobutton_example -->
